<?xml version="1.0" encoding="UTF-8" ?>
<testsuite tests="1" failures="0" name="com.mycompany.cse222_hw03_091044011_ercanuca_2016.MainClassTest" time="0.132" errors="1" skipped="0">
  <properties>
[...]
</properties>
  <testcase classname="com.mycompany.cse222_hw03_091044011_ercanuca_2016.MainClassTest" name="testMain" time="0.046">
    <error type="java.lang.NullPointerException">java.lang.NullPointerException
	at com.mycompany.cse222_hw03_091044011_ercanuca_2016.MainClass.tester2(MainClass.java:208)
	at com.mycompany.cse222_hw03_091044011_ercanuca_2016.MainClass.main(MainClass.java:26)
	at com.mycompany.cse222_hw03_091044011_ercanuca_2016.MainClassTest.testMain(MainClassTest.java:47)
	at sun.reflect.NativeMethodAccessorImpl.invoke0(Native Method)
	at sun.reflect.NativeMethodAccessorImpl.invoke(NativeMethodAccessorImpl.java:62)
	at sun.reflect.DelegatingMethodAccessorImpl.invoke(DelegatingMethodAccessorImpl.java:43)
	at java.lang.reflect.Method.invoke(Method.java:497)
	at org.junit.runners.model.FrameworkMethod$1.runReflectiveCall(FrameworkMethod.java:45)
	at org.junit.internal.runners.model.ReflectiveCallable.run(ReflectiveCallable.java:15)
	at org.junit.runners.model.FrameworkMethod.invokeExplosively(FrameworkMethod.java:42)
	at org.junit.internal.runners.statements.InvokeMethod.evaluate(InvokeMethod.java:20)
	at org.junit.internal.runners.statements.RunBefores.evaluate(RunBefores.java:28)
	at org.junit.internal.runners.statements.RunAfters.evaluate(RunAfters.java:30)
	at org.junit.runners.ParentRunner.runLeaf(ParentRunner.java:263)
	at org.junit.runners.BlockJUnit4ClassRunner.runChild(BlockJUnit4ClassRunner.java:68)
	at org.junit.runners.BlockJUnit4ClassRunner.runChild(BlockJUnit4ClassRunner.java:47)
	at org.junit.runners.ParentRunner$3.run(ParentRunner.java:231)
	at org.junit.runners.ParentRunner$1.schedule(ParentRunner.java:60)
	at org.junit.runners.ParentRunner.runChildren(ParentRunner.java:229)
	at org.junit.runners.ParentRunner.access$000(ParentRunner.java:50)
	at org.junit.runners.ParentRunner$2.evaluate(ParentRunner.java:222)
	at org.junit.internal.runners.statements.RunBefores.evaluate(RunBefores.java:28)
	at org.junit.internal.runners.statements.RunAfters.evaluate(RunAfters.java:30)
	at org.junit.runners.ParentRunner.run(ParentRunner.java:300)
	at org.apache.maven.surefire.junit4.JUnit4TestSet.execute(JUnit4TestSet.java:53)
	at org.apache.maven.surefire.junit4.JUnit4Provider.executeTestSet(JUnit4Provider.java:123)
	at org.apache.maven.surefire.junit4.JUnit4Provider.invoke(JUnit4Provider.java:104)
	at sun.reflect.NativeMethodAccessorImpl.invoke0(Native Method)
	at sun.reflect.NativeMethodAccessorImpl.invoke(NativeMethodAccessorImpl.java:62)
	at sun.reflect.DelegatingMethodAccessorImpl.invoke(DelegatingMethodAccessorImpl.java:43)
	at java.lang.reflect.Method.invoke(Method.java:497)
	at org.apache.maven.surefire.util.ReflectionUtils.invokeMethodWithArray(ReflectionUtils.java:164)
	at org.apache.maven.surefire.booter.ProviderFactory$ProviderProxy.invoke(ProviderFactory.java:110)
	at org.apache.maven.surefire.booter.SurefireStarter.invokeProvider(SurefireStarter.java:175)
	at org.apache.maven.surefire.booter.SurefireStarter.runSuitesInProcessWhenForked(SurefireStarter.java:107)
	at org.apache.maven.surefire.booter.ForkedBooter.main(ForkedBooter.java:68)
</error>
    <system-out>main
----------------------Tester I--------------------
----------------------INTEGERS--------------------
Created specificList Class object type of Integer and add 7 elements like above.
SpecList&lt;Integer&gt; specific = new SpecList&lt;&gt;();
        specific.add(1);
        specific.add(2);
        specific.add(5);
        specific.add(4);
        specific.add(0);
        specific.add(2);
        specific.add(3);

Created another specificList Class object type of Integer and add 5 elements like above.
 SpecList&lt;Integer&gt; specific2 = new SpecList&lt;&gt;();
        specific2.add(0);
        specific2.add(10);
        specific2.add(20);
        specific2.add(30);
        specific2.add(40);

Called addAllAtHead like specific2.addAllAtHead(specific); and show return value.
addAllAtHead returned value: true
Called specific2 toString method
SpecList{[1, 2, 5, 4, 0, 2, 3, 0, 10, 20, 30, 40]}
----------------------DOUBLES--------------------
Created specificList Class object type of Double and add 7 elements like above.
SpecList&lt;Double&gt; specific3 = new SpecList&lt;&gt;();
        specific3.add(1.1);
        specific3.add(2.5);
        specific3.add(5.6);
        specific3.add(4.5);
        specific3.add(0.7);
        specific3.add(2.8);
        specific3.add(3.8);

Created another specificList Class object type of Double and add 5 elements like above.
 SpecList&lt;Double&gt; specific4 = new SpecList&lt;&gt;();
        specific4.add(1.0);
        specific4.add(10.78);
        specific4.add(20.77);
        specific4.add(30.44);
        specific4.add(40.99);

Called addAllAtHead like specific4.addAllAtHead(specific3); and show return value.
addAllAtHead returned value: true
Called specific4 toString method
SpecList{[1.1, 2.5, 5.6, 4.5, 0.7, 2.8, 3.8, 1.0, 10.78, 20.77, 30.44, 40.99]}
----------------------STRINGS--------------------
Created specificList Class object type of String and add 4 elements like above.
SpecList&lt;String&gt; specific5 = new SpecList&lt;&gt;();
        specific5.add(&quot;ali&quot;);
        specific5.add(&quot;can&quot;);
        specific5.add(&quot;sardar&quot;);
        specific5.add(&quot;kenan&quot;);

Created another specificList Class object type of String and add 3 elements like above.
 SpecList&lt;String&gt; specific6 = new SpecList&lt;&gt;();
        specific6.add(&quot;elif&quot;);
        specific6.add(&quot;salih&quot;);
        specific6.add(&quot;Yusuf&quot;);

Called addAllAtHead like specific6.addAllAtHead(specific5); and show return value.
addAllAtHead returned value: true
Called specific6 toString method
SpecList{[ali, can, serdar, kenan, elif, salih, yusuf]}

----------------------Tester I END--------------------


----------------------Tester II--------------------
----------------------INTEGERS--------------------
Created specificList Class object type of Integer and add 7 elements like above.
SpecList&lt;Integer&gt; specific = new SpecList&lt;&gt;();
        specific.add(1);
        specific.add(2);
        specific.add(5);
        specific.add(4);
        specific.add(0);
        specific.add(2);
        specific.add(3);

Created another specificList Class object type of Integer and add 5 elements like above.
 SpecList&lt;Integer&gt; specific2 = new SpecList&lt;&gt;();
        specific2.add(0);
        specific2.add(10);
        specific2.add(20);
        specific2.add(30);
        specific2.add(40);

Initialzation to getIntersectList the List Class Object.
List&lt;Integer&gt; list1 = (LinkedList&lt;Integer&gt;) specific.getIntersectList(specific4);

Called list1 toString method
</system-out>
    <system-err>java.lang.IndexOutOfBoundsException: Index: 5, Size: 5
	at java.util.LinkedList.checkElementIndex(LinkedList.java:555)
	at java.util.LinkedList.get(LinkedList.java:476)
	at com.mycompany.cse222_hw03_091044011_ercanuca_2016.SpecList.getIntersectList(SpecList.java:85)
	at com.mycompany.cse222_hw03_091044011_ercanuca_2016.MainClass.tester2(MainClass.java:206)
	at com.mycompany.cse222_hw03_091044011_ercanuca_2016.MainClass.main(MainClass.java:26)
	at com.mycompany.cse222_hw03_091044011_ercanuca_2016.MainClassTest.testMain(MainClassTest.java:47)
	at sun.reflect.NativeMethodAccessorImpl.invoke0(Native Method)
	at sun.reflect.NativeMethodAccessorImpl.invoke(NativeMethodAccessorImpl.java:62)
	at sun.reflect.DelegatingMethodAccessorImpl.invoke(DelegatingMethodAccessorImpl.java:43)
	at java.lang.reflect.Method.invoke(Method.java:497)
	at org.junit.runners.model.FrameworkMethod$1.runReflectiveCall(FrameworkMethod.java:45)
	at org.junit.internal.runners.model.ReflectiveCallable.run(ReflectiveCallable.java:15)
	at org.junit.runners.model.FrameworkMethod.invokeExplosively(FrameworkMethod.java:42)
	at org.junit.internal.runners.statements.InvokeMethod.evaluate(InvokeMethod.java:20)
	at org.junit.internal.runners.statements.RunBefores.evaluate(RunBefores.java:28)
	at org.junit.internal.runners.statements.RunAfters.evaluate(RunAfters.java:30)
	at org.junit.runners.ParentRunner.runLeaf(ParentRunner.java:263)
	at org.junit.runners.BlockJUnit4ClassRunner.runChild(BlockJUnit4ClassRunner.java:68)
	at org.junit.runners.BlockJUnit4ClassRunner.runChild(BlockJUnit4ClassRunner.java:47)
	at org.junit.runners.ParentRunner$3.run(ParentRunner.java:231)
	at org.junit.runners.ParentRunner$1.schedule(ParentRunner.java:60)
	at org.junit.runners.ParentRunner.runChildren(ParentRunner.java:229)
	at org.junit.runners.ParentRunner.access$000(ParentRunner.java:50)
	at org.junit.runners.ParentRunner$2.evaluate(ParentRunner.java:222)
	at org.junit.internal.runners.statements.RunBefores.evaluate(RunBefores.java:28)
	at org.junit.internal.runners.statements.RunAfters.evaluate(RunAfters.java:30)
	at org.junit.runners.ParentRunner.run(ParentRunner.java:300)
	at org.apache.maven.surefire.junit4.JUnit4TestSet.execute(JUnit4TestSet.java:53)
	at org.apache.maven.surefire.junit4.JUnit4Provider.executeTestSet(JUnit4Provider.java:123)
	at org.apache.maven.surefire.junit4.JUnit4Provider.invoke(JUnit4Provider.java:104)
	at sun.reflect.NativeMethodAccessorImpl.invoke0(Native Method)
	at sun.reflect.NativeMethodAccessorImpl.invoke(NativeMethodAccessorImpl.java:62)
	at sun.reflect.DelegatingMethodAccessorImpl.invoke(DelegatingMethodAccessorImpl.java:43)
	at java.lang.reflect.Method.invoke(Method.java:497)
	at org.apache.maven.surefire.util.ReflectionUtils.invokeMethodWithArray(ReflectionUtils.java:164)
	at org.apache.maven.surefire.booter.ProviderFactory$ProviderProxy.invoke(ProviderFactory.java:110)
	at org.apache.maven.surefire.booter.SurefireStarter.invokeProvider(SurefireStarter.java:175)
	at org.apache.maven.surefire.booter.SurefireStarter.runSuitesInProcessWhenForked(SurefireStarter.java:107)
	at org.apache.maven.surefire.booter.ForkedBooter.main(ForkedBooter.java:68)
</system-err>
  </testcase>
</testsuite>